{
  "stats": {
    "suites": 0,
    "tests": 1,
    "passes": 0,
    "pending": 0,
    "failures": 1,
    "start": "2026-02-07T12:20:44.346Z",
    "end": "2026-02-07T12:35:53.704Z",
    "duration": 909358,
    "testsRegistered": 1,
    "passPercent": 0,
    "pendingPercent": 0,
    "other": 0,
    "hasOther": false,
    "skipped": 0,
    "hasSkipped": false
  },
  "results": [
    {
      "uuid": "20ab1c13-104d-499b-ac0a-f87f739384e2",
      "title": "",
      "fullFile": "cypress\\e2e\\test1.cy.js",
      "file": "cypress\\e2e\\test1.cy.js",
      "beforeHooks": [],
      "afterHooks": [],
      "tests": [
        {
          "title": "google search",
          "fullTitle": "google search",
          "timedOut": null,
          "duration": 905539,
          "state": "failed",
          "speed": null,
          "pass": false,
          "fail": true,
          "pending": false,
          "context": null,
          "code": "cy.visit('https://currencystrengthmeter.org/');\ncy.get('.el-butfton').click();\n//cy.contains('Hello, World').click",
          "err": {
            "message": "AssertionError: Timed out retrying after 900000ms: Expected to find element: `.el-butfton`, but never found it.",
            "estack": "AssertionError: Timed out retrying after 900000ms: Expected to find element: `.el-butfton`, but never found it.\n    at Context.eval (webpack://mycypress_project/./cypress/e2e/test1.cy.js:6:7)",
            "diff": null
          },
          "uuid": "0927e82a-d378-44b7-a813-388215b6d18b",
          "parentUUID": "20ab1c13-104d-499b-ac0a-f87f739384e2",
          "isHook": false,
          "skipped": false
        }
      ],
      "suites": [],
      "passes": [],
      "failures": [
        "0927e82a-d378-44b7-a813-388215b6d18b"
      ],
      "pending": [],
      "skipped": [],
      "duration": 905539,
      "root": true,
      "rootEmpty": false,
      "_timeout": 2000
    }
  ],
  "meta": {
    "mocha": {
      "version": "7.2.0"
    },
    "mochawesome": {
      "options": {
        "quiet": false,
        "reportFilename": "mochawesome",
        "saveHtml": true,
        "saveJson": true,
        "consoleReporter": "spec",
        "useInlineDiffs": false,
        "code": true
      },
      "version": "7.1.4"
    },
    "marge": {
      "options": null,
      "version": "6.3.2"
    }
  }
}